#
# A fatal error has been detected by the Java Runtime Environment:
#
#  SIGSEGV (0xb) at pc=0x00007fff9a9ddf49, pid=15671, tid=3079
#
# JRE version: Java(TM) SE Runtime Environment (8.0_65-b17) (build 1.8.0_65-b17)
# Java VM: Java HotSpot(TM) 64-Bit Server VM (25.65-b01 mixed mode bsd-amd64 compressed oops)
# Problematic frame:
# C  [libsystem_platform.dylib+0x4f49]  _platform_memmove$VARIANT$Haswell+0x29
#
# Failed to write core dump. Core dumps have been disabled. To enable core dumping, try "ulimit -c unlimited" before starting Java again
#
# If you would like to submit a bug report, please visit:
#   http://bugreport.java.com/bugreport/crash.jsp
# The crash happened outside the Java Virtual Machine in native code.
# See problematic frame for where to report the bug.
#

---------------  T H R E A D  ---------------

Current thread (0x00007fe15b802800):  JavaThread "main" [_thread_in_native, id=3079, stack(0x000070000011a000,0x000070000021a000)]

siginfo: si_signo: 11 (SIGSEGV), si_code: 1 (SEGV_MAPERR), si_addr: 0x000000011ac90000

Registers:
RAX=0x00007fe15a906202, RBX=0x000000011ac858b2, RCX=0x0000000000003153, RDX=0x000000000000ca16
RSP=0x0000700000217fe0, RBP=0x0000700000217fe0, RSI=0x000000011ac90000, RDI=0x00007fe15a90fac5
R8 =0x0000000000000000, R9 =0x000000000000001a, R10=0x00000000702e5add, R11=0x00007fe03fc7fac5
R12=0x000000002dadda54, R13=0x00000000d489eb83, R14=0x00000000160ee5c1, R15=0x000000000000ca16
RIP=0x00007fff9a9ddf49, EFLAGS=0x0000000000010202, ERR=0x0000000000000004
  TRAPNO=0x000000000000000e

Top of Stack: (sp=0x0000700000217fe0)
0x0000700000217fe0:   0000700000218050 0000000104ecc086
0x0000700000217ff0:   00000016b0a2d7a8 00000000000000ca
0x0000700000218000:   00000000000054cf 00007fe15ac1ac00
0x0000700000218010:   0000000000000e5d 00007fe159ef3980
0x0000700000218020:   00007fe159efb4e0 00007fe159ef3980
0x0000700000218030:   00007fe159ef5250 00000000000000a0
0x0000700000218040:   0000000098a8dc9c 00007fe159ef7250
0x0000700000218050:   00007000002180b0 0000000104ecc554
0x0000700000218060:   00007000002180ea 00007000002180e9
0x0000700000218070:   0000001a00000000 0000001b01802800
0x0000700000218080:   00007000002180ce 0000700000218518
0x0000700000218090:   000000000000001b 00007000002180ce
0x00007000002180a0:   00007fe159ef3980 00007fe15b8029f8
0x00007000002180b0:   0000700000218500 0000000104ecb34f
0x00007000002180c0:   00000000ffffffff 6a63000100000001
0x00007000002180d0:   747265706f72702f 657373412f736569
0x00007000002180e0:   6f736a2e796c626d 0000000105ab006e
0x00007000002180f0:   0000700000218138 00007fe15b802800
0x0000700000218100:   0000700000218120 00000001059f19a6
0x0000700000218110:   0000000000000004 0000000000000004
0x0000700000218120:   0000700000218150 0000000105ae6698
0x0000700000218130:   00007fe15b802800 00007fe15b802800
0x0000700000218140:   00000000000000bd 00007000002181c8
0x0000700000218150:   00007000002181a8 00000001067aba66
0x0000700000218160:   00000007b0a2ded8 0000700000218168
0x0000700000218170:   00000001179b3c33 00007000002181c8
0x0000700000218180:   00000001179b4690 0000000000000000
0x0000700000218190:   00000001179b3c80 0000000100000000
0x00007000002181a0:   00007000002181c8 0000700000218210
0x00007000002181b0:   0000000106790c4d 00000007b0a2df10
0x00007000002181c0:   00000007b0a2def0 0000000000000000
0x00007000002181d0:   0000000000000001 00000004179b3c01 

Instructions: (pc=0x00007fff9a9ddf49)
0x00007fff9a9ddf29:   f3 48 89 f8 49 39 d3 72 1b 48 83 fa 60 76 2f 48
0x00007fff9a9ddf39:   81 fa 00 40 00 00 0f 82 bb 00 00 00 48 89 d1 fc
0x00007fff9a9ddf49:   f3 a4 5d c3 48 39 fe 74 f9 48 01 d6 48 01 d7 48
0x00007fff9a9ddf59:   83 fa 60 0f 82 5c 01 00 00 e9 79 01 00 00 48 83 

Register to memory mapping:

RAX=0x00007fe15a906202 is an unknown value
RBX=0x000000011ac858b2 is an unknown value
RCX=0x0000000000003153 is an unknown value
RDX=0x000000000000ca16 is an unknown value
RSP=0x0000700000217fe0 is pointing into the stack for thread: 0x00007fe15b802800
RBP=0x0000700000217fe0 is pointing into the stack for thread: 0x00007fe15b802800
RSI=0x000000011ac90000 is an unknown value
RDI=0x00007fe15a90fac5 is an unknown value
R8 =0x0000000000000000 is an unknown value
R9 =0x000000000000001a is an unknown value
R10=0x00000000702e5add is an unknown value
R11=0x00007fe03fc7fac5 is an unknown value
R12=0x000000002dadda54 is an unknown value
R13=0x00000000d489eb83 is an unknown value
R14=0x00000000160ee5c1 is an unknown value
R15=0x000000000000ca16 is an unknown value


Stack: [0x000070000011a000,0x000070000021a000],  sp=0x0000700000217fe0,  free space=1015k
Native frames: (J=compiled Java code, j=interpreted, Vv=VM code, C=native code)
C  [libsystem_platform.dylib+0x4f49]  _platform_memmove$VARIANT$Haswell+0x29
C  [libzip.dylib+0x3086]  newEntry+0x321
C  [libzip.dylib+0x3554]  ZIP_GetEntry2+0xd4
C  [libzip.dylib+0x234f]  Java_java_util_zip_ZipFile_getEntry+0xcf
J 186  java.util.zip.ZipFile.getEntry(J[BZ)J (0 bytes) @ 0x00000001068f81ce [0x00000001068f8100+0xce]
J 211 C1 java.util.zip.ZipFile.getEntry(Ljava/lang/String;)Ljava/util/zip/ZipEntry; (86 bytes) @ 0x000000010690ac8c [0x000000010690aa20+0x26c]
J 210 C1 java.util.jar.JarFile.getEntry(Ljava/lang/String;)Ljava/util/zip/ZipEntry; (22 bytes) @ 0x0000000106908f24 [0x0000000106908ea0+0x84]
j  sun.net.www.protocol.jar.URLJarFile.getEntry(Ljava/lang/String;)Ljava/util/zip/ZipEntry;+2
j  sun.net.www.protocol.jar.JarURLConnection.connect()V+62
j  sun.net.www.protocol.jar.JarURLConnection.getInputStream()Ljava/io/InputStream;+1
j  java.net.URLClassLoader.getResourceAsStream(Ljava/lang/String;)Ljava/io/InputStream;+18
j  cj.studio.ecm.context.JsonAssemblyContext.<init>(Lcj/studio/ecm/resource/IResource;Ljava/lang/String;)V+72
j  cj.studio.ecm.Assembly.createAssemblyContext(Lcj/studio/ecm/resource/IResource;)Lcj/studio/ecm/IAssemblyContext;+70
j  cj.studio.ecm.Assembly.init()V+40
j  cj.studio.ecm.Assembly.load()V+45
j  cj.studio.ecm.Assembly.loadAssembly(Ljava/lang/String;)Lcj/studio/ecm/Assembly;+10
j  cj.lns.chip.sns.neuron.core.app.AppContainer.loadAssembly(Ljava/io/File;Ljava/util/List;)V+4
j  cj.lns.chip.sns.neuron.core.app.AppContainer.refresh()V+238
j  cj.lns.chip.sns.neuron.tools.app.cmd.AppRefreshCommand.doCommand(Lcj/lns/chip/sns/neuron/tools/CmdLine;)V+16
j  cj.lns.chip.sns.neuron.tools.Console.monitor(Lcj/lns/chip/sns/neuron/INeuron;[Ljava/lang/Object;)V+364
j  cj.lns.chip.sns.neuron.tools.cmd.AppCommand.doCommand(Lcj/lns/chip/sns/neuron/tools/CmdLine;)V+37
j  cj.lns.chip.sns.neuron.tools.Console.monitor(Lcj/lns/chip/sns/neuron/INeuron;[Ljava/lang/Object;)V+364
j  cj.lns.chip.sns.neuron.tools.NeuronConsole.monitor(Lcj/lns/chip/sns/neuron/INeuron;[Ljava/lang/Object;)V+33
j  cj.lns.chip.sns.neuron.tools.NeuronEntryPoint.main(Lorg/apache/commons/cli/CommandLine;)V+21
v  ~StubRoutines::call_stub
V  [libjvm.dylib+0x2eab02]
V  [libjvm.dylib+0x4caf38]
V  [libjvm.dylib+0x4cb46c]
V  [libjvm.dylib+0x342cb4]
j  sun.reflect.NativeMethodAccessorImpl.invoke0(Ljava/lang/reflect/Method;Ljava/lang/Object;[Ljava/lang/Object;)Ljava/lang/Object;+0
j  sun.reflect.NativeMethodAccessorImpl.invoke(Ljava/lang/Object;[Ljava/lang/Object;)Ljava/lang/Object;+100
j  sun.reflect.DelegatingMethodAccessorImpl.invoke(Ljava/lang/Object;[Ljava/lang/Object;)Ljava/lang/Object;+6
j  java.lang.reflect.Method.invoke(Ljava/lang/Object;[Ljava/lang/Object;)Ljava/lang/Object;+56
j  cj.studio.ecm.adapter.AdapterInterrupter.invoke(Ljava/lang/Object;Ljava/lang/reflect/Method;[Ljava/lang/Object;)Ljava/lang/Object;+482
j  cj.lns.chip.sns.neuron.tools.NeuronEntryPoint$$EnhancerByCGLIB$$e2702766.exeCommand(Ljava/lang/String;[Ljava/lang/Object;)Ljava/lang/Object;+33
j  cj.lns.chip.sns.neuron.start.NeuronMain.main([Ljava/lang/String;)V+410
v  ~StubRoutines::call_stub
V  [libjvm.dylib+0x2eab02]
V  [libjvm.dylib+0x321814]
V  [libjvm.dylib+0x31a58e]
C  [java+0x393e]  JavaMain+0x9b1
C  [libsystem_pthread.dylib+0x3c13]  _pthread_body+0x83
C  [libsystem_pthread.dylib+0x3b90]  _pthread_body+0x0
C  [libsystem_pthread.dylib+0x1375]  thread_start+0xd
C  0x0000000000000000

Java frames: (J=compiled Java code, j=interpreted, Vv=VM code)
J 186  java.util.zip.ZipFile.getEntry(J[BZ)J (0 bytes) @ 0x00000001068f8158 [0x00000001068f8100+0x58]
J 211 C1 java.util.zip.ZipFile.getEntry(Ljava/lang/String;)Ljava/util/zip/ZipEntry; (86 bytes) @ 0x000000010690ac8c [0x000000010690aa20+0x26c]
J 210 C1 java.util.jar.JarFile.getEntry(Ljava/lang/String;)Ljava/util/zip/ZipEntry; (22 bytes) @ 0x0000000106908f24 [0x0000000106908ea0+0x84]
j  sun.net.www.protocol.jar.URLJarFile.getEntry(Ljava/lang/String;)Ljava/util/zip/ZipEntry;+2
j  sun.net.www.protocol.jar.JarURLConnection.connect()V+62
j  sun.net.www.protocol.jar.JarURLConnection.getInputStream()Ljava/io/InputStream;+1
j  java.net.URLClassLoader.getResourceAsStream(Ljava/lang/String;)Ljava/io/InputStream;+18
j  cj.studio.ecm.context.JsonAssemblyContext.<init>(Lcj/studio/ecm/resource/IResource;Ljava/lang/String;)V+72
j  cj.studio.ecm.Assembly.createAssemblyContext(Lcj/studio/ecm/resource/IResource;)Lcj/studio/ecm/IAssemblyContext;+70
j  cj.studio.ecm.Assembly.init()V+40
j  cj.studio.ecm.Assembly.load()V+45
j  cj.studio.ecm.Assembly.loadAssembly(Ljava/lang/String;)Lcj/studio/ecm/Assembly;+10
j  cj.lns.chip.sns.neuron.core.app.AppContainer.loadAssembly(Ljava/io/File;Ljava/util/List;)V+4
j  cj.lns.chip.sns.neuron.core.app.AppContainer.refresh()V+238
j  cj.lns.chip.sns.neuron.tools.app.cmd.AppRefreshCommand.doCommand(Lcj/lns/chip/sns/neuron/tools/CmdLine;)V+16
j  cj.lns.chip.sns.neuron.tools.Console.monitor(Lcj/lns/chip/sns/neuron/INeuron;[Ljava/lang/Object;)V+364
j  cj.lns.chip.sns.neuron.tools.cmd.AppCommand.doCommand(Lcj/lns/chip/sns/neuron/tools/CmdLine;)V+37
j  cj.lns.chip.sns.neuron.tools.Console.monitor(Lcj/lns/chip/sns/neuron/INeuron;[Ljava/lang/Object;)V+364
j  cj.lns.chip.sns.neuron.tools.NeuronConsole.monitor(Lcj/lns/chip/sns/neuron/INeuron;[Ljava/lang/Object;)V+33
j  cj.lns.chip.sns.neuron.tools.NeuronEntryPoint.main(Lorg/apache/commons/cli/CommandLine;)V+21
v  ~StubRoutines::call_stub
j  sun.reflect.NativeMethodAccessorImpl.invoke0(Ljava/lang/reflect/Method;Ljava/lang/Object;[Ljava/lang/Object;)Ljava/lang/Object;+0
j  sun.reflect.NativeMethodAccessorImpl.invoke(Ljava/lang/Object;[Ljava/lang/Object;)Ljava/lang/Object;+100
j  sun.reflect.DelegatingMethodAccessorImpl.invoke(Ljava/lang/Object;[Ljava/lang/Object;)Ljava/lang/Object;+6
j  java.lang.reflect.Method.invoke(Ljava/lang/Object;[Ljava/lang/Object;)Ljava/lang/Object;+56
j  cj.studio.ecm.adapter.AdapterInterrupter.invoke(Ljava/lang/Object;Ljava/lang/reflect/Method;[Ljava/lang/Object;)Ljava/lang/Object;+482
j  cj.lns.chip.sns.neuron.tools.NeuronEntryPoint$$EnhancerByCGLIB$$e2702766.exeCommand(Ljava/lang/String;[Ljava/lang/Object;)Ljava/lang/Object;+33
j  cj.lns.chip.sns.neuron.start.NeuronMain.main([Ljava/lang/String;)V+410
v  ~StubRoutines::call_stub

---------------  P R O C E S S  ---------------

Java Threads: ( => current thread )
  0x00007fe15b02a000 JavaThread "Service Thread" daemon [_thread_blocked, id=18691, stack(0x0000700000e44000,0x0000700000f44000)]
  0x00007fe15a83a800 JavaThread "C1 CompilerThread2" daemon [_thread_blocked, id=18179, stack(0x0000700000d41000,0x0000700000e41000)]
  0x00007fe15b027800 JavaThread "C2 CompilerThread1" daemon [_thread_blocked, id=17667, stack(0x0000700000c3e000,0x0000700000d3e000)]
  0x00007fe15b018800 JavaThread "C2 CompilerThread0" daemon [_thread_blocked, id=17155, stack(0x0000700000b3b000,0x0000700000c3b000)]
  0x00007fe15b017800 JavaThread "Signal Dispatcher" daemon [_thread_blocked, id=13839, stack(0x0000700000a38000,0x0000700000b38000)]
  0x00007fe15b013000 JavaThread "Finalizer" daemon [_thread_blocked, id=12291, stack(0x000070000082f000,0x000070000092f000)]
  0x00007fe15a82b800 JavaThread "Reference Handler" daemon [_thread_blocked, id=11779, stack(0x000070000072c000,0x000070000082c000)]
=>0x00007fe15b802800 JavaThread "main" [_thread_in_native, id=3079, stack(0x000070000011a000,0x000070000021a000)]

Other Threads:
  0x00007fe15a828800 VMThread [stack: 0x0000700000629000,0x0000700000729000] [id=11267]
  0x00007fe15a83b800 WatcherThread [stack: 0x0000700000f47000,0x0000700001047000] [id=19203]

VM state:not at safepoint (normal execution)

VM Mutex/Monitor currently owned by a thread: None

Heap:
 PSYoungGen      total 27648K, used 23564K [0x00000007af580000, 0x00000007b1280000, 0x00000007c0000000)
  eden space 25600K, 84% used [0x00000007af580000,0x00000007b0a83120,0x00000007b0e80000)
  from space 2048K, 100% used [0x00000007b1080000,0x00000007b1280000,0x00000007b1280000)
  to   space 2048K, 0% used [0x00000007b0e80000,0x00000007b0e80000,0x00000007b1080000)
 ParOldGen       total 34304K, used 5596K [0x000000078e000000, 0x0000000790180000, 0x00000007af580000)
  object space 34304K, 16% used [0x000000078e000000,0x000000078e5772e0,0x0000000790180000)
 Metaspace       used 17496K, capacity 18374K, committed 18560K, reserved 1064960K
  class space    used 2179K, capacity 2594K, committed 2688K, reserved 1048576K

Card table byte_map: [0x0000000115b49000,0x0000000115cda000] byte_map_base: 0x0000000111ed9000

Marking Bits: (ParMarkBitMap*) 0x00000001060dee20
 Begin Bits: [0x0000000115cda000, 0x000000011695a000)
 End Bits:   [0x000000011695a000, 0x00000001175da000)

Polling page: 0x0000000104ebf000

CodeCache: size=245760Kb used=5704Kb max_used=5704Kb free=240056Kb
 bounds [0x0000000106789000, 0x0000000106d29000, 0x0000000115789000]
 total_blobs=2250 nmethods=1878 adapters=285
 compilation: enabled

Compilation events (10 events):
Event: 922.681 Thread 0x00007fe15a83a800 nmethod 1866 0x0000000106d11350 code [0x0000000106d114a0, 0x0000000106d115b0]
Event: 922.681 Thread 0x00007fe15a83a800 1863       1       java.io.FilePermission::access$000 (5 bytes)
Event: 922.681 Thread 0x00007fe15a83a800 nmethod 1863 0x0000000106d1bf90 code [0x0000000106d1c0e0, 0x0000000106d1c1d0]
Event: 922.681 Thread 0x00007fe15a83a800 1874       3       java.util.ArrayList::indexOf (67 bytes)
Event: 922.682 Thread 0x00007fe15a83a800 nmethod 1874 0x0000000106d1c250 code [0x0000000106d1c400, 0x0000000106d1c8e8]
Event: 922.683 Thread 0x00007fe15a83a800 1875       3       java.util.zip.ZipEntry::isDirectory (10 bytes)
Event: 922.683 Thread 0x00007fe15a83a800 nmethod 1875 0x0000000106d1cb10 code [0x0000000106d1cc80, 0x0000000106d1cfa8]
Event: 922.683 Thread 0x00007fe15a83a800 1876       3       java.util.jar.JarFile$JarEntryIterator::hasMoreElements (5 bytes)
Event: 922.683 Thread 0x00007fe15a83a800 nmethod 1876 0x0000000106d1d110 code [0x0000000106d1d280, 0x0000000106d1d508]
Event: 922.692 Thread 0x00007fe15a83a800 1878       3       java.util.ArrayList::toArray (60 bytes)

GC Heap History (8 events):
Event: 0.308 GC heap before
{Heap before GC invocations=1 (full 0):
 PSYoungGen      total 14848K, used 12800K [0x00000007af580000, 0x00000007b0600000, 0x00000007c0000000)
  eden space 12800K, 100% used [0x00000007af580000,0x00000007b0200000,0x00000007b0200000)
  from space 2048K, 0% used [0x00000007b0400000,0x00000007b0400000,0x00000007b0600000)
  to   space 2048K, 0% used [0x00000007b0200000,0x00000007b0200000,0x00000007b0400000)
 ParOldGen       total 34304K, used 0K [0x000000078e000000, 0x0000000790180000, 0x00000007af580000)
  object space 34304K, 0% used [0x000000078e000000,0x000000078e000000,0x0000000790180000)
 Metaspace       used 7421K, capacity 7552K, committed 7680K, reserved 1056768K
  class space    used 862K, capacity 916K, committed 1024K, reserved 1048576K
Event: 0.311 GC heap after
Heap after GC invocations=1 (full 0):
 PSYoungGen      total 14848K, used 2041K [0x00000007af580000, 0x00000007b0600000, 0x00000007c0000000)
  eden space 12800K, 0% used [0x00000007af580000,0x00000007af580000,0x00000007b0200000)
  from space 2048K, 99% used [0x00000007b0200000,0x00000007b03fe7d0,0x00000007b0400000)
  to   space 2048K, 0% used [0x00000007b0400000,0x00000007b0400000,0x00000007b0600000)
 ParOldGen       total 34304K, used 426K [0x000000078e000000, 0x0000000790180000, 0x00000007af580000)
  object space 34304K, 1% used [0x000000078e000000,0x000000078e06a818,0x0000000790180000)
 Metaspace       used 7421K, capacity 7552K, committed 7680K, reserved 1056768K
  class space    used 862K, capacity 916K, committed 1024K, reserved 1048576K
}
Event: 0.537 GC heap before
{Heap before GC invocations=2 (full 0):
 PSYoungGen      total 14848K, used 14841K [0x00000007af580000, 0x00000007b0600000, 0x00000007c0000000)
  eden space 12800K, 100% used [0x00000007af580000,0x00000007b0200000,0x00000007b0200000)
  from space 2048K, 99% used [0x00000007b0200000,0x00000007b03fe7d0,0x00000007b0400000)
  to   space 2048K, 0% used [0x00000007b0400000,0x00000007b0400000,0x00000007b0600000)
 ParOldGen       total 34304K, used 426K [0x000000078e000000, 0x0000000790180000, 0x00000007af580000)
  object space 34304K, 1% used [0x000000078e000000,0x000000078e06a818,0x0000000790180000)
 Metaspace       used 9593K, capacity 9884K, committed 9984K, reserved 1058816K
  class space    used 1159K, capacity 1221K, committed 1280K, reserved 1048576K
Event: 0.540 GC heap after
Heap after GC invocations=2 (full 0):
 PSYoungGen      total 14848K, used 2046K [0x00000007af580000, 0x00000007b1280000, 0x00000007c0000000)
  eden space 12800K, 0% used [0x00000007af580000,0x00000007af580000,0x00000007b0200000)
  from space 2048K, 99% used [0x00000007b0400000,0x00000007b05ff968,0x00000007b0600000)
  to   space 2048K, 0% used [0x00000007b0200000,0x00000007b0200000,0x00000007b0400000)
 ParOldGen       total 34304K, used 1029K [0x000000078e000000, 0x0000000790180000, 0x00000007af580000)
  object space 34304K, 3% used [0x000000078e000000,0x000000078e101698,0x0000000790180000)
 Metaspace       used 9593K, capacity 9884K, committed 9984K, reserved 1058816K
  class space    used 1159K, capacity 1221K, committed 1280K, reserved 1048576K
}
Event: 0.762 GC heap before
{Heap before GC invocations=3 (full 0):
 PSYoungGen      total 14848K, used 14846K [0x00000007af580000, 0x00000007b1280000, 0x00000007c0000000)
  eden space 12800K, 100% used [0x00000007af580000,0x00000007b0200000,0x00000007b0200000)
  from space 2048K, 99% used [0x00000007b0400000,0x00000007b05ff968,0x00000007b0600000)
  to   space 2048K, 0% used [0x00000007b0200000,0x00000007b0200000,0x00000007b0400000)
 ParOldGen       total 34304K, used 1029K [0x000000078e000000, 0x0000000790180000, 0x00000007af580000)
  object space 34304K, 3% used [0x000000078e000000,0x000000078e101698,0x0000000790180000)
 Metaspace       used 13000K, capacity 13348K, committed 13568K, reserved 1060864K
  class space    used 1570K, capacity 1724K, committed 1792K, reserved 1048576K
Event: 0.766 GC heap after
Heap after GC invocations=3 (full 0):
 PSYoungGen      total 14848K, used 2032K [0x00000007af580000, 0x00000007b1280000, 0x00000007c0000000)
  eden space 12800K, 0% used [0x00000007af580000,0x00000007af580000,0x00000007b0200000)
  from space 2048K, 99% used [0x00000007b0200000,0x00000007b03fc050,0x00000007b0400000)
  to   space 2048K, 0% used [0x00000007b1080000,0x00000007b1080000,0x00000007b1280000)
 ParOldGen       total 34304K, used 3101K [0x000000078e000000, 0x0000000790180000, 0x00000007af580000)
  object space 34304K, 9% used [0x000000078e000000,0x000000078e307498,0x0000000790180000)
 Metaspace       used 13000K, capacity 13348K, committed 13568K, reserved 1060864K
  class space    used 1570K, capacity 1724K, committed 1792K, reserved 1048576K
}
Event: 1.052 GC heap before
{Heap before GC invocations=4 (full 0):
 PSYoungGen      total 14848K, used 14832K [0x00000007af580000, 0x00000007b1280000, 0x00000007c0000000)
  eden space 12800K, 100% used [0x00000007af580000,0x00000007b0200000,0x00000007b0200000)
  from space 2048K, 99% used [0x00000007b0200000,0x00000007b03fc050,0x00000007b0400000)
  to   space 2048K, 0% used [0x00000007b1080000,0x00000007b1080000,0x00000007b1280000)
 ParOldGen       total 34304K, used 3101K [0x000000078e000000, 0x0000000790180000, 0x00000007af580000)
  object space 34304K, 9% used [0x000000078e000000,0x000000078e307498,0x0000000790180000)
 Metaspace       used 15934K, capacity 16596K, committed 16640K, reserved 1062912K
  class space    used 2000K, capacity 2303K, committed 2304K, reserved 1048576K
Event: 1.058 GC heap after
Heap after GC invocations=4 (full 0):
 PSYoungGen      total 27648K, used 2048K [0x00000007af580000, 0x00000007b1280000, 0x00000007c0000000)
  eden space 25600K, 0% used [0x00000007af580000,0x00000007af580000,0x00000007b0e80000)
  from space 2048K, 100% used [0x00000007b1080000,0x00000007b1280000,0x00000007b1280000)
  to   space 2048K, 0% used [0x00000007b0e80000,0x00000007b0e80000,0x00000007b1080000)
 ParOldGen       total 34304K, used 5596K [0x000000078e000000, 0x0000000790180000, 0x00000007af580000)
  object space 34304K, 16% used [0x000000078e000000,0x000000078e5772e0,0x0000000790180000)
 Metaspace       used 15934K, capacity 16596K, committed 16640K, reserved 1062912K
  class space    used 2000K, capacity 2303K, committed 2304K, reserved 1048576K
}

Deoptimization events (10 events):
Event: 0.979 Thread 0x00007fe15b802800 Uncommon trap: reason=unstable_if action=reinterpret pc=0x00000001069b8588 method=java.util.HashMap.getNode(ILjava/lang/Object;)Ljava/util/HashMap$Node; @ 129
Event: 0.994 Thread 0x00007fe15b802800 Uncommon trap: reason=unstable_if action=reinterpret pc=0x0000000106b87e30 method=java.util.concurrent.ConcurrentHashMap.get(Ljava/lang/Object;)Ljava/lang/Object; @ 138
Event: 0.999 Thread 0x00007fe15b802800 Uncommon trap: reason=unstable_if action=reinterpret pc=0x0000000106b94730 method=jdk.internal.org.objectweb.asm.Frame.pop()I @ 4
Event: 1.103 Thread 0x00007fe15b802800 Uncommon trap: reason=unstable_if action=reinterpret pc=0x00000001069f759c method=java.lang.String.lastIndexOf([CII[CIII)I @ 118
Event: 1.161 Thread 0x00007fe15b802800 Uncommon trap: reason=bimorphic action=maybe_recompile pc=0x0000000106c07ce8 method=java.util.HashMap.putVal(ILjava/lang/Object;Ljava/lang/Object;ZZ)Ljava/lang/Object; @ 203
Event: 1.161 Thread 0x00007fe15b802800 Uncommon trap: reason=bimorphic action=maybe_recompile pc=0x0000000106c07ce8 method=java.util.HashMap.putVal(ILjava/lang/Object;Ljava/lang/Object;ZZ)Ljava/lang/Object; @ 203
Event: 1.173 Thread 0x00007fe15b802800 Uncommon trap: reason=bimorphic action=maybe_recompile pc=0x0000000106c07ce8 method=java.util.HashMap.putVal(ILjava/lang/Object;Ljava/lang/Object;ZZ)Ljava/lang/Object; @ 203
Event: 1.174 Thread 0x00007fe15b802800 Uncommon trap: reason=bimorphic action=maybe_recompile pc=0x0000000106c07ce8 method=java.util.HashMap.putVal(ILjava/lang/Object;Ljava/lang/Object;ZZ)Ljava/lang/Object; @ 203
Event: 1.256 Thread 0x00007fe15b802800 Uncommon trap: reason=unstable_if action=reinterpret pc=0x0000000106a26c14 method=java.io.UnixFileSystem.normalize(Ljava/lang/String;)Ljava/lang/String; @ 60
Event: 1.261 Thread 0x00007fe15b802800 Uncommon trap: reason=unstable_if action=reinterpret pc=0x00000001068f0f48 method=java.lang.String.indexOf([CII[CIII)I @ 3

Internal exceptions (10 events):
Event: 0.356 Thread 0x00007fe15b802800 Exception <a 'java/lang/ClassNotFoundException': org/apache/log4j/LayoutCustomizer> (0x00000007af847078) thrown at [/Users/java_re/workspace/8-2-build-macosx-x86_64/jdk8u65/4987/hotspot/src/share/vm/classfile/systemDictionary.cpp, line 210]
Event: 0.358 Thread 0x00007fe15b802800 Exception <a 'java/lang/ClassNotFoundException': org/apache/log4j/PatternLayoutCustomizer> (0x00000007af85dde0) thrown at [/Users/java_re/workspace/8-2-build-macosx-x86_64/jdk8u65/4987/hotspot/src/share/vm/classfile/systemDictionary.cpp, line 210]
Event: 0.358 Thread 0x00007fe15b802800 Exception <a 'java/lang/ClassNotFoundException': org/apache/log4j/PatternLayoutCustomizer> (0x00000007af85e068) thrown at [/Users/java_re/workspace/8-2-build-macosx-x86_64/jdk8u65/4987/hotspot/src/share/vm/classfile/systemDictionary.cpp, line 210]
Event: 0.640 Thread 0x00007fe15b802800 Exception <a 'java/lang/NoSuchFieldError': method resolution failed> (0x00000007afb24d58) thrown at [/Users/java_re/workspace/8-2-build-macosx-x86_64/jdk8u65/4987/hotspot/src/share/vm/prims/methodHandles.cpp, line 1146]
Event: 0.641 Thread 0x00007fe15b802800 Exception <a 'java/lang/NoSuchFieldError': method resolution failed> (0x00000007afb32448) thrown at [/Users/java_re/workspace/8-2-build-macosx-x86_64/jdk8u65/4987/hotspot/src/share/vm/prims/methodHandles.cpp, line 1146]
Event: 0.692 Thread 0x00007fe15b802800 Exception <a 'java/lang/NullPointerException'> (0x00000007afdbdd38) thrown at [/Users/java_re/workspace/8-2-build-macosx-x86_64/jdk8u65/4987/hotspot/src/share/vm/prims/jni.cpp, line 735]
Event: 0.693 Thread 0x00007fe15b802800 Exception <a 'java/lang/NullPointerException'> (0x00000007afdcc5c0) thrown at [/Users/java_re/workspace/8-2-build-macosx-x86_64/jdk8u65/4987/hotspot/src/share/vm/prims/jni.cpp, line 735]
Event: 0.693 Thread 0x00007fe15b802800 Exception <a 'java/lang/NullPointerException'> (0x00000007afdd5338) thrown at [/Users/java_re/workspace/8-2-build-macosx-x86_64/jdk8u65/4987/hotspot/src/share/vm/prims/jni.cpp, line 735]
Event: 0.693 Thread 0x00007fe15b802800 Exception <a 'java/lang/NullPointerException'> (0x00000007afdde2d8) thrown at [/Users/java_re/workspace/8-2-build-macosx-x86_64/jdk8u65/4987/hotspot/src/share/vm/prims/jni.cpp, line 735]
Event: 0.693 Thread 0x00007fe15b802800 Exception <a 'java/lang/NullPointerException'> (0x00000007afde7588) thrown at [/Users/java_re/workspace/8-2-build-macosx-x86_64/jdk8u65/4987/hotspot/src/share/vm/prims/jni.cpp, line 735]

Events (10 events):
Event: 922.681 loading class cj/lns/chip/sns/neuron/app/test/TestGraph$TestinSink
Event: 922.681 loading class cj/lns/chip/sns/neuron/app/test/TestGraph$TestinSink done
Event: 922.681 loading class cj/lns/chip/sns/neuron/app/test/TestGraph$TestinSink
Event: 922.681 loading class cj/lns/chip/sns/neuron/app/test/TestGraph$TestinSink done
Event: 922.682 loading class cj/lns/chip/sns/neuron/app/test/TestGraph$TestSink2
Event: 922.682 loading class cj/lns/chip/sns/neuron/app/test/TestGraph$TestSink2 done
Event: 922.682 loading class cj/lns/chip/sns/neuron/app/test/TestGraph$TestSink2
Event: 922.682 loading class cj/lns/chip/sns/neuron/app/test/TestGraph$TestSink2 done
Event: 922.683 Thread 0x00007fe15b802800 DEOPT PACKING pc=0x0000000106ca05fd sp=0x0000700000217530
Event: 922.683 Thread 0x00007fe15b802800 DEOPT UNPACKING pc=0x00000001067d0633 sp=0x00007000002172a0 mode 0


Dynamic libraries:
0x000000000433f000 	/System/Library/Frameworks/Cocoa.framework/Versions/A/Cocoa
0x000000000433f000 	/System/Library/Frameworks/Security.framework/Versions/A/Security
0x000000000433f000 	/System/Library/Frameworks/ApplicationServices.framework/Versions/A/ApplicationServices
0x000000000433f000 	/usr/lib/libz.1.dylib
0x000000000433f000 	/usr/lib/libSystem.B.dylib
0x000000000433f000 	/usr/lib/libobjc.A.dylib
0x000000000433f000 	/System/Library/Frameworks/CoreFoundation.framework/Versions/A/CoreFoundation
0x000000000433f000 	/System/Library/Frameworks/Foundation.framework/Versions/C/Foundation
0x000000000433f000 	/System/Library/Frameworks/AppKit.framework/Versions/C/AppKit
0x000000000433f000 	/System/Library/Frameworks/CoreData.framework/Versions/A/CoreData
0x000000000433f000 	/System/Library/PrivateFrameworks/RemoteViewServices.framework/Versions/A/RemoteViewServices
0x000000000433f000 	/System/Library/PrivateFrameworks/UIFoundation.framework/Versions/A/UIFoundation
0x000000000433f000 	/usr/lib/libScreenReader.dylib
0x000000000433f000 	/System/Library/Frameworks/Accelerate.framework/Versions/A/Accelerate
0x000000000433f000 	/System/Library/Frameworks/IOSurface.framework/Versions/A/IOSurface
0x000000000433f000 	/System/Library/Frameworks/AudioToolbox.framework/Versions/A/AudioToolbox
0x000000000433f000 	/System/Library/Frameworks/AudioUnit.framework/Versions/A/AudioUnit
0x000000000433f000 	/System/Library/PrivateFrameworks/DataDetectorsCore.framework/Versions/A/DataDetectorsCore
0x000000000433f000 	/System/Library/PrivateFrameworks/DesktopServicesPriv.framework/Versions/A/DesktopServicesPriv
0x000000000433f000 	/System/Library/Frameworks/Carbon.framework/Versions/A/Frameworks/HIToolbox.framework/Versions/A/HIToolbox
0x000000000433f000 	/System/Library/Frameworks/QuartzCore.framework/Versions/A/QuartzCore
0x000000000433f000 	/System/Library/Frameworks/Carbon.framework/Versions/A/Frameworks/SpeechRecognition.framework/Versions/A/SpeechRecognition
0x000000000433f000 	/usr/lib/libauto.dylib
0x000000000433f000 	/usr/lib/libicucore.A.dylib
0x000000000433f000 	/usr/lib/libxml2.2.dylib
0x000000000433f000 	/System/Library/PrivateFrameworks/CoreUI.framework/Versions/A/CoreUI
0x000000000433f000 	/System/Library/Frameworks/CoreAudio.framework/Versions/A/CoreAudio
0x000000000433f000 	/System/Library/Frameworks/DiskArbitration.framework/Versions/A/DiskArbitration
0x000000000433f000 	/usr/lib/liblangid.dylib
0x000000000433f000 	/System/Library/PrivateFrameworks/MultitouchSupport.framework/Versions/A/MultitouchSupport
0x000000000433f000 	/System/Library/Frameworks/IOKit.framework/Versions/A/IOKit
0x000000000433f000 	/usr/lib/libDiagnosticMessagesClient.dylib
0x000000000433f000 	/System/Library/Frameworks/CoreServices.framework/Versions/A/CoreServices
0x000000000433f000 	/System/Library/PrivateFrameworks/PerformanceAnalysis.framework/Versions/A/PerformanceAnalysis
0x000000000433f000 	/System/Library/PrivateFrameworks/GenerationalStorage.framework/Versions/A/GenerationalStorage
0x000000000433f000 	/System/Library/Frameworks/OpenGL.framework/Versions/A/OpenGL
0x000000000433f000 	/System/Library/PrivateFrameworks/Sharing.framework/Versions/A/Sharing
0x000000000433f000 	/System/Library/Frameworks/CoreGraphics.framework/Versions/A/CoreGraphics
0x000000000433f000 	/System/Library/Frameworks/CoreImage.framework/Versions/A/CoreImage
0x000000000433f000 	/System/Library/Frameworks/CoreText.framework/Versions/A/CoreText
0x000000000433f000 	/System/Library/Frameworks/ImageIO.framework/Versions/A/ImageIO
0x000000000433f000 	/System/Library/PrivateFrameworks/Backup.framework/Versions/A/Backup
0x000000000433f000 	/usr/lib/libextension.dylib
0x000000000433f000 	/usr/lib/libarchive.2.dylib
0x000000000433f000 	/System/Library/Frameworks/CFNetwork.framework/Versions/A/CFNetwork
0x000000000433f000 	/System/Library/Frameworks/SystemConfiguration.framework/Versions/A/SystemConfiguration
0x000000000433f000 	/usr/lib/libCRFSuite.dylib
0x000000000433f000 	/usr/lib/libc++.1.dylib
0x000000000433f000 	/usr/lib/libc++abi.dylib
0x000000000433f000 	/usr/lib/system/libcache.dylib
0x000000000433f000 	/usr/lib/system/libcommonCrypto.dylib
0x000000000433f000 	/usr/lib/system/libcompiler_rt.dylib
0x000000000433f000 	/usr/lib/system/libcopyfile.dylib
0x000000000433f000 	/usr/lib/system/libcorecrypto.dylib
0x000000000433f000 	/usr/lib/system/libdispatch.dylib
0x000000000433f000 	/usr/lib/system/libdyld.dylib
0x000000000433f000 	/usr/lib/system/libkeymgr.dylib
0x000000000433f000 	/usr/lib/system/liblaunch.dylib
0x000000000433f000 	/usr/lib/system/libmacho.dylib
0x000000000433f000 	/usr/lib/system/libquarantine.dylib
0x000000000433f000 	/usr/lib/system/libremovefile.dylib
0x000000000433f000 	/usr/lib/system/libsystem_asl.dylib
0x000000000433f000 	/usr/lib/system/libsystem_blocks.dylib
0x000000000433f000 	/usr/lib/system/libsystem_c.dylib
0x000000000433f000 	/usr/lib/system/libsystem_configuration.dylib
0x000000000433f000 	/usr/lib/system/libsystem_coreservices.dylib
0x000000000433f000 	/usr/lib/system/libsystem_coretls.dylib
0x000000000433f000 	/usr/lib/system/libsystem_dnssd.dylib
0x000000000433f000 	/usr/lib/system/libsystem_info.dylib
0x000000000433f000 	/usr/lib/system/libsystem_kernel.dylib
0x000000000433f000 	/usr/lib/system/libsystem_m.dylib
0x000000000433f000 	/usr/lib/system/libsystem_malloc.dylib
0x000000000433f000 	/usr/lib/system/libsystem_network.dylib
0x000000000433f000 	/usr/lib/system/libsystem_networkextension.dylib
0x000000000433f000 	/usr/lib/system/libsystem_notify.dylib
0x000000000433f000 	/usr/lib/system/libsystem_platform.dylib
0x000000000433f000 	/usr/lib/system/libsystem_pthread.dylib
0x000000000433f000 	/usr/lib/system/libsystem_sandbox.dylib
0x000000000433f000 	/usr/lib/system/libsystem_secinit.dylib
0x000000000433f000 	/usr/lib/system/libsystem_trace.dylib
0x000000000433f000 	/usr/lib/system/libunc.dylib
0x000000000433f000 	/usr/lib/system/libunwind.dylib
0x000000000433f000 	/usr/lib/system/libxpc.dylib
0x000000000433f000 	/usr/lib/libenergytrace.dylib
0x000000000433f000 	/usr/lib/libbsm.0.dylib
0x000000000433f000 	/usr/lib/system/libkxld.dylib
0x000000000433f000 	/usr/lib/libxar.1.dylib
0x000000000433f000 	/usr/lib/libsqlite3.dylib
0x000000000433f000 	/usr/lib/libpam.2.dylib
0x000000000433f000 	/usr/lib/libOpenScriptingUtil.dylib
0x000000000433f000 	/usr/lib/libbz2.1.0.dylib
0x000000000433f000 	/usr/lib/liblzma.5.dylib
0x000000000433f000 	/System/Library/Frameworks/CoreServices.framework/Versions/A/Frameworks/FSEvents.framework/Versions/A/FSEvents
0x000000000433f000 	/System/Library/Frameworks/CoreServices.framework/Versions/A/Frameworks/CarbonCore.framework/Versions/A/CarbonCore
0x000000000433f000 	/System/Library/Frameworks/CoreServices.framework/Versions/A/Frameworks/Metadata.framework/Versions/A/Metadata
0x000000000433f000 	/System/Library/Frameworks/CoreServices.framework/Versions/A/Frameworks/OSServices.framework/Versions/A/OSServices
0x000000000433f000 	/System/Library/Frameworks/CoreServices.framework/Versions/A/Frameworks/SearchKit.framework/Versions/A/SearchKit
0x000000000433f000 	/System/Library/Frameworks/CoreServices.framework/Versions/A/Frameworks/AE.framework/Versions/A/AE
0x000000000433f000 	/System/Library/Frameworks/CoreServices.framework/Versions/A/Frameworks/LaunchServices.framework/Versions/A/LaunchServices
0x000000000433f000 	/System/Library/Frameworks/CoreServices.framework/Versions/A/Frameworks/DictionaryServices.framework/Versions/A/DictionaryServices
0x000000000433f000 	/System/Library/Frameworks/CoreServices.framework/Versions/A/Frameworks/SharedFileList.framework/Versions/A/SharedFileList
0x000000000433f000 	/System/Library/Frameworks/NetFS.framework/Versions/A/NetFS
0x000000000433f000 	/System/Library/PrivateFrameworks/NetAuth.framework/Versions/A/NetAuth
0x000000000433f000 	/System/Library/PrivateFrameworks/login.framework/Versions/A/Frameworks/loginsupport.framework/Versions/A/loginsupport
0x000000000433f000 	/System/Library/PrivateFrameworks/TCC.framework/Versions/A/TCC
0x000000000433f000 	/usr/lib/libmecabra.dylib
0x000000000433f000 	/System/Library/Frameworks/ApplicationServices.framework/Versions/A/Frameworks/ATS.framework/Versions/A/ATS
0x000000000433f000 	/System/Library/Frameworks/ApplicationServices.framework/Versions/A/Frameworks/ColorSync.framework/Versions/A/ColorSync
0x000000000433f000 	/System/Library/Frameworks/ApplicationServices.framework/Versions/A/Frameworks/HIServices.framework/Versions/A/HIServices
0x000000000433f000 	/System/Library/Frameworks/ApplicationServices.framework/Versions/A/Frameworks/LangAnalysis.framework/Versions/A/LangAnalysis
0x000000000433f000 	/System/Library/Frameworks/ApplicationServices.framework/Versions/A/Frameworks/PrintCore.framework/Versions/A/PrintCore
0x000000000433f000 	/System/Library/Frameworks/ApplicationServices.framework/Versions/A/Frameworks/QD.framework/Versions/A/QD
0x000000000433f000 	/System/Library/Frameworks/ApplicationServices.framework/Versions/A/Frameworks/SpeechSynthesis.framework/Versions/A/SpeechSynthesis
0x000000000433f000 	/System/Library/Frameworks/Metal.framework/Versions/A/Metal
0x000000000433f000 	/System/Library/Frameworks/Accelerate.framework/Versions/A/Frameworks/vImage.framework/Versions/A/vImage
0x000000000433f000 	/System/Library/Frameworks/Accelerate.framework/Versions/A/Frameworks/vecLib.framework/Versions/A/vecLib
0x000000000433f000 	/System/Library/Frameworks/Accelerate.framework/Versions/A/Frameworks/vecLib.framework/Versions/A/libvDSP.dylib
0x000000000433f000 	/System/Library/Frameworks/Accelerate.framework/Versions/A/Frameworks/vecLib.framework/Versions/A/libvMisc.dylib
0x000000000433f000 	/System/Library/Frameworks/Accelerate.framework/Versions/A/Frameworks/vecLib.framework/Versions/A/libLAPACK.dylib
0x000000000433f000 	/System/Library/Frameworks/Accelerate.framework/Versions/A/Frameworks/vecLib.framework/Versions/A/libBLAS.dylib
0x000000000433f000 	/System/Library/Frameworks/Accelerate.framework/Versions/A/Frameworks/vecLib.framework/Versions/A/libLinearAlgebra.dylib
0x000000000433f000 	/System/Library/Frameworks/Accelerate.framework/Versions/A/Frameworks/vecLib.framework/Versions/A/libSparseBLAS.dylib
0x000000000433f000 	/System/Library/PrivateFrameworks/GPUCompiler.framework/libmetal_timestamp.dylib
0x000000000433f000 	/System/Library/Frameworks/OpenGL.framework/Versions/A/Libraries/libCoreFSCache.dylib
0x000000000433f000 	/System/Library/PrivateFrameworks/IOAccelerator.framework/Versions/A/IOAccelerator
0x000000000433f000 	/System/Library/Frameworks/ApplicationServices.framework/Versions/A/Frameworks/ATS.framework/Versions/A/Resources/libFontParser.dylib
0x000000000433f000 	/System/Library/Frameworks/ApplicationServices.framework/Versions/A/Frameworks/ATS.framework/Versions/A/Resources/libFontRegistry.dylib
0x000000000433f000 	/System/Library/PrivateFrameworks/AppleVPA.framework/Versions/A/AppleVPA
0x000000000433f000 	/System/Library/PrivateFrameworks/AppleJPEG.framework/Versions/A/AppleJPEG
0x000000000433f000 	/System/Library/Frameworks/ImageIO.framework/Versions/A/Resources/libJPEG.dylib
0x000000000433f000 	/System/Library/Frameworks/ImageIO.framework/Versions/A/Resources/libTIFF.dylib
0x000000000433f000 	/System/Library/Frameworks/ImageIO.framework/Versions/A/Resources/libPng.dylib
0x000000000433f000 	/System/Library/Frameworks/ImageIO.framework/Versions/A/Resources/libGIF.dylib
0x000000000433f000 	/System/Library/Frameworks/ImageIO.framework/Versions/A/Resources/libJP2.dylib
0x000000000433f000 	/System/Library/Frameworks/ImageIO.framework/Versions/A/Resources/libRadiance.dylib
0x000000000433f000 	/System/Library/Frameworks/CoreVideo.framework/Versions/A/CoreVideo
0x000000000433f000 	/System/Library/Frameworks/OpenGL.framework/Versions/A/Libraries/libGLU.dylib
0x000000000433f000 	/System/Library/Frameworks/OpenGL.framework/Versions/A/Libraries/libGFXShared.dylib
0x000000000433f000 	/System/Library/Frameworks/OpenGL.framework/Versions/A/Libraries/libGL.dylib
0x000000000433f000 	/System/Library/Frameworks/OpenGL.framework/Versions/A/Libraries/libGLImage.dylib
0x000000000433f000 	/System/Library/Frameworks/OpenGL.framework/Versions/A/Libraries/libCVMSPluginSupport.dylib
0x000000000433f000 	/System/Library/Frameworks/OpenGL.framework/Versions/A/Libraries/libCoreVMClient.dylib
0x000000000433f000 	/usr/lib/libcups.2.dylib
0x000000000433f000 	/System/Library/Frameworks/Kerberos.framework/Versions/A/Kerberos
0x000000000433f000 	/System/Library/Frameworks/GSS.framework/Versions/A/GSS
0x000000000433f000 	/usr/lib/libresolv.9.dylib
0x000000000433f000 	/usr/lib/libiconv.2.dylib
0x000000000433f000 	/System/Library/PrivateFrameworks/Heimdal.framework/Versions/A/Heimdal
0x000000000433f000 	/usr/lib/libheimdal-asn1.dylib
0x000000000433f000 	/System/Library/Frameworks/OpenDirectory.framework/Versions/A/OpenDirectory
0x000000000433f000 	/System/Library/PrivateFrameworks/CommonAuth.framework/Versions/A/CommonAuth
0x000000000433f000 	/System/Library/Frameworks/OpenDirectory.framework/Versions/A/Frameworks/CFOpenDirectory.framework/Versions/A/CFOpenDirectory
0x000000000433f000 	/System/Library/Frameworks/SecurityFoundation.framework/Versions/A/SecurityFoundation
0x000000000433f000 	/System/Library/PrivateFrameworks/LanguageModeling.framework/Versions/A/LanguageModeling
0x000000000433f000 	/usr/lib/libmarisa.dylib
0x000000000433f000 	/usr/lib/libChineseTokenizer.dylib
0x000000000433f000 	/usr/lib/libcmph.dylib
0x000000000433f000 	/usr/lib/libcompression.dylib
0x000000000433f000 	/System/Library/Frameworks/ServiceManagement.framework/Versions/A/ServiceManagement
0x000000000433f000 	/usr/lib/libxslt.1.dylib
0x000000000433f000 	/System/Library/Frameworks/Carbon.framework/Versions/A/Frameworks/Ink.framework/Versions/A/Ink
0x000000000433f000 	/usr/lib/libFosl_dynamic.dylib
0x000000000433f000 	/System/Library/PrivateFrameworks/FaceCore.framework/Versions/A/FaceCore
0x000000000433f000 	/System/Library/Frameworks/OpenCL.framework/Versions/A/OpenCL
0x000000000433f000 	/System/Library/PrivateFrameworks/CrashReporterSupport.framework/Versions/A/CrashReporterSupport
0x000000000433f000 	/System/Library/PrivateFrameworks/IconServices.framework/Versions/A/IconServices
0x000000000433f000 	/System/Library/PrivateFrameworks/Apple80211.framework/Versions/A/Apple80211
0x000000000433f000 	/System/Library/Frameworks/CoreWLAN.framework/Versions/A/CoreWLAN
0x000000000433f000 	/System/Library/Frameworks/IOBluetooth.framework/Versions/A/IOBluetooth
0x000000000433f000 	/System/Library/PrivateFrameworks/CoreWiFi.framework/Versions/A/CoreWiFi
0x000000000433f000 	/System/Library/Frameworks/CoreBluetooth.framework/Versions/A/CoreBluetooth
0x000000000433f000 	/System/Library/PrivateFrameworks/ChunkingLibrary.framework/Versions/A/ChunkingLibrary
0x000000000433f000 	/System/Library/PrivateFrameworks/DebugSymbols.framework/Versions/A/DebugSymbols
0x000000000433f000 	/System/Library/PrivateFrameworks/CoreSymbolication.framework/Versions/A/CoreSymbolication
0x000000000433f000 	/System/Library/PrivateFrameworks/Symbolication.framework/Versions/A/Symbolication
0x000000000433f000 	/System/Library/PrivateFrameworks/SpeechRecognitionCore.framework/Versions/A/SpeechRecognitionCore
0x0000000104e02000 	/System/Library/CoreServices/Encodings/libSimplifiedChineseConverter.dylib
0x0000000105800000 	/Library/Java/JavaVirtualMachines/jdk1.8.0_65.jdk/Contents/Home/jre/lib/server/libjvm.dylib
0x000000000433f000 	/usr/lib/libstdc++.6.dylib
0x0000000104e7c000 	/Library/Java/JavaVirtualMachines/jdk1.8.0_65.jdk/Contents/Home/jre/lib/libverify.dylib
0x0000000104e8a000 	/Library/Java/JavaVirtualMachines/jdk1.8.0_65.jdk/Contents/Home/jre/lib/libjava.dylib
0x0000000104ec9000 	/Library/Java/JavaVirtualMachines/jdk1.8.0_65.jdk/Contents/Home/jre/lib/libzip.dylib
0x0000000119210000 	/System/Library/Frameworks/JavaVM.framework/Frameworks/JavaRuntimeSupport.framework/JavaRuntimeSupport
0x000000011922b000 	/System/Library/Frameworks/JavaVM.framework/Versions/A/Frameworks/JavaNativeFoundation.framework/Versions/A/JavaNativeFoundation
0x0000000104fed000 	/System/Library/Frameworks/JavaVM.framework/Versions/A/JavaVM
0x000000000433f000 	/System/Library/Frameworks/Carbon.framework/Versions/A/Carbon
0x0000000119240000 	/System/Library/PrivateFrameworks/JavaLaunching.framework/Versions/A/JavaLaunching
0x000000000433f000 	/System/Library/Frameworks/Carbon.framework/Versions/A/Frameworks/CommonPanels.framework/Versions/A/CommonPanels
0x000000000433f000 	/System/Library/Frameworks/Carbon.framework/Versions/A/Frameworks/Help.framework/Versions/A/Help
0x000000000433f000 	/System/Library/Frameworks/Carbon.framework/Versions/A/Frameworks/ImageCapture.framework/Versions/A/ImageCapture
0x000000000433f000 	/System/Library/Frameworks/Carbon.framework/Versions/A/Frameworks/OpenScripting.framework/Versions/A/OpenScripting
0x000000000433f000 	/System/Library/Frameworks/Carbon.framework/Versions/A/Frameworks/Print.framework/Versions/A/Print
0x000000000433f000 	/System/Library/Frameworks/Carbon.framework/Versions/A/Frameworks/SecurityHI.framework/Versions/A/SecurityHI

VM Arguments:
jvm_args: -Xms50m -Xmx800m 
java_command: neuron-1.0.jar
java_class_path (initial): neuron-1.0.jar
Launcher Type: SUN_STANDARD

Environment Variables:
PATH=/usr/local/bin:/usr/bin:/bin:/usr/sbin:/sbin:/opt/X11/bin:/Users/carocean/studio/adt-bundle-mac-x86_64-20140702/sdk/tools:/Users/carocean/studio/adt-bundle-mac-x86_64-20140702/sdk/platform-tools:/Users/carocean/studio/apache-ant-1.9.4/bin:/usr/local/mysql/bin
SHELL=/bin/bash
DISPLAY=/private/tmp/com.apple.launchd.woTLxQIZzg/org.macosforge.xquartz:0

Signal Handlers:
SIGSEGV: [libjvm.dylib+0x5a6d31], sa_mask[0]=11111111011111110111111111111111, sa_flags=SA_ONSTACK|SA_RESTART|SA_SIGINFO
SIGBUS: [libjvm.dylib+0x5a6d31], sa_mask[0]=11111111011111110111111111111111, sa_flags=SA_RESTART|SA_SIGINFO
SIGFPE: [libjvm.dylib+0x480a40], sa_mask[0]=11111111011111110111111111111111, sa_flags=SA_RESTART|SA_SIGINFO
SIGPIPE: [libjvm.dylib+0x480a40], sa_mask[0]=11111111011111110111111111111111, sa_flags=SA_RESTART|SA_SIGINFO
SIGXFSZ: [libjvm.dylib+0x480a40], sa_mask[0]=11111111011111110111111111111111, sa_flags=SA_RESTART|SA_SIGINFO
SIGILL: [libjvm.dylib+0x480a40], sa_mask[0]=11111111011111110111111111111111, sa_flags=SA_RESTART|SA_SIGINFO
SIGUSR1: SIG_DFL, sa_mask[0]=11011111011111100000000111000110, sa_flags=none
SIGUSR2: [libjvm.dylib+0x48055e], sa_mask[0]=00000000000000000000000000000000, sa_flags=SA_RESTART|SA_SIGINFO
SIGHUP: [libjvm.dylib+0x47eb35], sa_mask[0]=11111111011111110111111111111111, sa_flags=SA_RESTART|SA_SIGINFO
SIGINT: [libjvm.dylib+0x47eb35], sa_mask[0]=11111111011111110111111111111111, sa_flags=SA_RESTART|SA_SIGINFO
SIGTERM: [libjvm.dylib+0x47eb35], sa_mask[0]=11111111011111110111111111111111, sa_flags=SA_RESTART|SA_SIGINFO
SIGQUIT: [libjvm.dylib+0x47eb35], sa_mask[0]=11111111011111110111111111111111, sa_flags=SA_RESTART|SA_SIGINFO


---------------  S Y S T E M  ---------------

OS:Bsduname:Darwin 15.3.0 Darwin Kernel Version 15.3.0: Thu Dec 10 18:40:58 PST 2015; root:xnu-3248.30.4~1/RELEASE_X86_64 x86_64
rlimit: STACK 8192k, CORE 0k, NPROC 709, NOFILE 10240, AS infinity
load average:2.92 2.52 2.36

CPU:total 4 (2 cores per cpu, 2 threads per core) family 6 model 69 stepping 1, cmov, cx8, fxsr, mmx, sse, sse2, sse3, ssse3, sse4.1, sse4.2, popcnt, avx, avx2, aes, clmul, erms, lzcnt, ht, tsc, tscinvbit, bmi1, bmi2

Memory: 4k page, physical 8388608k(354876k free)

/proc/meminfo:


vm_info: Java HotSpot(TM) 64-Bit Server VM (25.65-b01) for bsd-amd64 JRE (1.8.0_65-b17), built on Oct  6 2015 15:36:46 by "java_re" with gcc 4.2.1 (Based on Apple Inc. build 5658) (LLVM build 2336.11.00)

time: Tue Mar 22 22:23:58 2016
elapsed time: 922 seconds (0d 0h 15m 22s)

